2023-06-12 21:34:57,824:INFO: 

****************************************************************************************************************
2023-06-12 21:34:57,824:INFO: Mixture holiday and no_holiday
2023-06-12 21:34:57,824:INFO: ****************************************************************************************************************


2023-06-12 21:34:58,134:INFO: No existing pretrained model at /user/cs.aau.dk/mx04eg/DARF/result
2023-06-12 21:34:59,432:INFO: Loading pretrained model
2023-06-12 21:38:42,157:INFO: 

****************************************************************************************************************
2023-06-12 21:38:42,157:INFO: Mixture holiday and no_holiday
2023-06-12 21:38:42,157:INFO: ****************************************************************************************************************


2023-06-12 21:38:42,560:INFO: No existing pretrained model at /user/cs.aau.dk/mx04eg/DARF/result
2023-06-12 21:38:43,875:INFO: Loading pretrained model
2023-06-12 21:44:10,657:INFO: 

****************************************************************************************************************
2023-06-12 21:44:10,657:INFO: Mixture holiday and no_holiday
2023-06-12 21:44:10,657:INFO: ****************************************************************************************************************


2023-06-12 21:44:10,861:INFO: No existing pretrained model at /user/cs.aau.dk/mx04eg/DARF/result
2023-06-12 21:44:12,181:INFO: Loading pretrained model
2023-06-12 21:45:31,663:INFO: 

****************************************************************************************************************
2023-06-12 21:45:31,663:INFO: Mixture holiday and no_holiday
2023-06-12 21:45:31,663:INFO: ****************************************************************************************************************


2023-06-12 21:45:32,121:INFO: No existing pretrained model at /user/cs.aau.dk/mx04eg/DARF/result
2023-06-12 21:45:33,530:INFO: start to train..............................
2023-06-12 21:46:28,522:INFO: Epoch: 000,domain_loss:0.4203,Nbeats_loss:0.8394,Train_acc:0.7939
2023-06-12 21:46:30,714:INFO: Epoch: 000, Train Loss: 0.9655, Train MAPE: 0.2921, Train RMSE: 1.9979, Valid Loss: 1.0327, Valid MAPE: 0.4239, Valid RMSE: 1.2738
2023-06-12 21:46:30,874:INFO: save model from epoch 0
2023-06-12 21:47:23,755:INFO: Epoch: 001,domain_loss:0.4560,Nbeats_loss:0.6274,Train_acc:0.7779
2023-06-12 21:47:25,905:INFO: Epoch: 001, Train Loss: 0.7642, Train MAPE: 0.1898, Train RMSE: 1.8530, Valid Loss: 0.8267, Valid MAPE: 0.3400, Valid RMSE: 0.9628
2023-06-12 21:47:26,116:INFO: save model from epoch 1
2023-06-12 21:48:17,061:INFO: Epoch: 002,domain_loss:0.5235,Nbeats_loss:0.5877,Train_acc:0.7132
2023-06-12 21:48:19,223:INFO: Epoch: 002, Train Loss: 0.7448, Train MAPE: 0.1738, Train RMSE: 1.8332, Valid Loss: 0.4685, Valid MAPE: 0.1971, Valid RMSE: 0.5921
2023-06-12 21:48:19,381:INFO: save model from epoch 2
2023-06-12 21:49:10,318:INFO: Epoch: 003,domain_loss:0.5637,Nbeats_loss:0.5505,Train_acc:0.6873
2023-06-12 21:49:12,412:INFO: Epoch: 003, Train Loss: 0.7196, Train MAPE: 0.1532, Train RMSE: 1.8225, Valid Loss: 0.4726, Valid MAPE: 0.2012, Valid RMSE: 0.5798
2023-06-12 21:50:03,669:INFO: Epoch: 004,domain_loss:0.5879,Nbeats_loss:0.5436,Train_acc:0.6601
2023-06-12 21:50:05,825:INFO: Epoch: 004, Train Loss: 0.7200, Train MAPE: 0.1485, Train RMSE: 1.8199, Valid Loss: 0.4489, Valid MAPE: 0.1951, Valid RMSE: 0.5583
2023-06-12 21:50:05,979:INFO: save model from epoch 4
2023-06-12 21:50:57,365:INFO: Epoch: 005,domain_loss:0.6298,Nbeats_loss:0.5384,Train_acc:0.6059
2023-06-12 21:50:59,547:INFO: Epoch: 005, Train Loss: 0.7273, Train MAPE: 0.1486, Train RMSE: 1.8184, Valid Loss: 0.4120, Valid MAPE: 0.1824, Valid RMSE: 0.5256
2023-06-12 21:50:59,704:INFO: save model from epoch 5
2023-06-12 21:51:50,757:INFO: Epoch: 006,domain_loss:0.6670,Nbeats_loss:0.5355,Train_acc:0.5840
2023-06-12 21:51:52,921:INFO: Epoch: 006, Train Loss: 0.7356, Train MAPE: 0.1474, Train RMSE: 1.8180, Valid Loss: 0.3745, Valid MAPE: 0.1705, Valid RMSE: 0.4971
2023-06-12 21:51:53,071:INFO: save model from epoch 6
2023-06-12 21:52:44,245:INFO: Epoch: 007,domain_loss:0.6620,Nbeats_loss:0.5337,Train_acc:0.5845
2023-06-12 21:52:46,409:INFO: Epoch: 007, Train Loss: 0.7323, Train MAPE: 0.1470, Train RMSE: 1.8172, Valid Loss: 0.3663, Valid MAPE: 0.1637, Valid RMSE: 0.4861
2023-06-12 21:52:46,574:INFO: save model from epoch 7
2023-06-12 21:53:37,877:INFO: Epoch: 008,domain_loss:0.6358,Nbeats_loss:0.5342,Train_acc:0.6150
2023-06-12 21:53:40,047:INFO: Epoch: 008, Train Loss: 0.7250, Train MAPE: 0.1462, Train RMSE: 1.8170, Valid Loss: 0.3566, Valid MAPE: 0.1618, Valid RMSE: 0.4798
2023-06-12 21:53:40,199:INFO: save model from epoch 8
2023-06-12 21:54:31,094:INFO: Epoch: 009,domain_loss:0.6812,Nbeats_loss:0.5316,Train_acc:0.5678
2023-06-12 21:54:33,219:INFO: Epoch: 009, Train Loss: 0.7359, Train MAPE: 0.1454, Train RMSE: 1.8165, Valid Loss: 0.3488, Valid MAPE: 0.1566, Valid RMSE: 0.4703
2023-06-12 21:54:33,372:INFO: save model from epoch 9
2023-06-12 21:55:23,838:INFO: Epoch: 010,domain_loss:0.6774,Nbeats_loss:0.5293,Train_acc:0.5782
2023-06-12 21:55:25,989:INFO: Epoch: 010, Train Loss: 0.7326, Train MAPE: 0.1445, Train RMSE: 1.8159, Valid Loss: 0.3603, Valid MAPE: 0.1634, Valid RMSE: 0.4809
2023-06-12 21:56:17,214:INFO: Epoch: 011,domain_loss:0.6787,Nbeats_loss:0.5283,Train_acc:0.5776
2023-06-12 21:56:19,418:INFO: Epoch: 011, Train Loss: 0.7319, Train MAPE: 0.1436, Train RMSE: 1.8154, Valid Loss: 0.3505, Valid MAPE: 0.1570, Valid RMSE: 0.4738
2023-06-12 21:57:10,919:INFO: Epoch: 012,domain_loss:0.6720,Nbeats_loss:0.5277,Train_acc:0.5888
2023-06-12 21:57:13,049:INFO: Epoch: 012, Train Loss: 0.7293, Train MAPE: 0.1423, Train RMSE: 1.8152, Valid Loss: 0.3529, Valid MAPE: 0.1572, Valid RMSE: 0.4777
2023-06-12 21:58:03,735:INFO: Epoch: 013,domain_loss:0.6667,Nbeats_loss:0.5273,Train_acc:0.5958
2023-06-12 21:58:05,857:INFO: Epoch: 013, Train Loss: 0.7273, Train MAPE: 0.1423, Train RMSE: 1.8149, Valid Loss: 0.3371, Valid MAPE: 0.1497, Valid RMSE: 0.4644
2023-06-12 21:58:06,013:INFO: save model from epoch 13
2023-06-12 21:58:57,407:INFO: Epoch: 014,domain_loss:0.6884,Nbeats_loss:0.5266,Train_acc:0.5258
2023-06-12 21:58:59,552:INFO: Epoch: 014, Train Loss: 0.7331, Train MAPE: 0.1416, Train RMSE: 1.8146, Valid Loss: 0.3297, Valid MAPE: 0.1494, Valid RMSE: 0.4586
2023-06-12 21:58:59,708:INFO: save model from epoch 14
2023-06-12 21:59:50,817:INFO: Epoch: 015,domain_loss:0.7006,Nbeats_loss:0.5244,Train_acc:0.4989
2023-06-12 21:59:53,028:INFO: Epoch: 015, Train Loss: 0.7346, Train MAPE: 0.1411, Train RMSE: 1.8142, Valid Loss: 0.3483, Valid MAPE: 0.1583, Valid RMSE: 0.4756
2023-06-12 22:00:44,027:INFO: Epoch: 016,domain_loss:0.6971,Nbeats_loss:0.5233,Train_acc:0.4944
2023-06-12 22:00:46,167:INFO: Epoch: 016, Train Loss: 0.7325, Train MAPE: 0.1405, Train RMSE: 1.8138, Valid Loss: 0.3546, Valid MAPE: 0.1596, Valid RMSE: 0.4827
2023-06-12 22:01:36,960:INFO: Epoch: 017,domain_loss:0.6938,Nbeats_loss:0.5229,Train_acc:0.4962
2023-06-12 22:01:39,081:INFO: Epoch: 017, Train Loss: 0.7310, Train MAPE: 0.1396, Train RMSE: 1.8135, Valid Loss: 0.3507, Valid MAPE: 0.1561, Valid RMSE: 0.4769
2023-06-12 22:02:30,080:INFO: Epoch: 018,domain_loss:0.6931,Nbeats_loss:0.5216,Train_acc:0.4963
2023-06-12 22:02:32,218:INFO: Epoch: 018, Train Loss: 0.7295, Train MAPE: 0.1386, Train RMSE: 1.8131, Valid Loss: 0.3510, Valid MAPE: 0.1577, Valid RMSE: 0.4757
2023-06-12 22:03:23,053:INFO: Epoch: 019,domain_loss:0.6933,Nbeats_loss:0.5207,Train_acc:0.4978
2023-06-12 22:03:25,214:INFO: Epoch: 019, Train Loss: 0.7287, Train MAPE: 0.1376, Train RMSE: 1.8128, Valid Loss: 0.3579, Valid MAPE: 0.1608, Valid RMSE: 0.4830
2023-06-12 22:04:16,646:INFO: Epoch: 020,domain_loss:0.6769,Nbeats_loss:0.5212,Train_acc:0.5584
2023-06-12 22:04:18,778:INFO: Epoch: 020, Train Loss: 0.7243, Train MAPE: 0.1376, Train RMSE: 1.8128, Valid Loss: 0.3649, Valid MAPE: 0.1623, Valid RMSE: 0.4900
2023-06-12 22:05:10,077:INFO: Epoch: 021,domain_loss:0.6787,Nbeats_loss:0.5195,Train_acc:0.5741
2023-06-12 22:05:12,231:INFO: Epoch: 021, Train Loss: 0.7231, Train MAPE: 0.1365, Train RMSE: 1.8124, Valid Loss: 0.3622, Valid MAPE: 0.1632, Valid RMSE: 0.4869
2023-06-12 22:06:04,308:INFO: Epoch: 022,domain_loss:0.6812,Nbeats_loss:0.5194,Train_acc:0.5492
2023-06-12 22:06:06,425:INFO: Epoch: 022, Train Loss: 0.7237, Train MAPE: 0.1366, Train RMSE: 1.8121, Valid Loss: 0.3863, Valid MAPE: 0.1766, Valid RMSE: 0.5052
2023-06-12 22:06:58,288:INFO: Epoch: 023,domain_loss:0.6711,Nbeats_loss:0.5182,Train_acc:0.5779
2023-06-12 22:07:00,471:INFO: Epoch: 023, Train Loss: 0.7195, Train MAPE: 0.1359, Train RMSE: 1.8117, Valid Loss: 0.3707, Valid MAPE: 0.1711, Valid RMSE: 0.4944
2023-06-12 22:07:51,340:INFO: Epoch: 024,domain_loss:0.6799,Nbeats_loss:0.5182,Train_acc:0.5514
2023-06-12 22:07:53,470:INFO: Epoch: 024, Train Loss: 0.7222, Train MAPE: 0.1352, Train RMSE: 1.8117, Valid Loss: 0.4146, Valid MAPE: 0.1882, Valid RMSE: 0.5327
2023-06-12 22:08:44,630:INFO: Epoch: 025,domain_loss:0.6915,Nbeats_loss:0.5163,Train_acc:0.5168
2023-06-12 22:08:46,824:INFO: Epoch: 025, Train Loss: 0.7238, Train MAPE: 0.1343, Train RMSE: 1.8112, Valid Loss: 0.3711, Valid MAPE: 0.1720, Valid RMSE: 0.4970
2023-06-12 22:09:38,049:INFO: Epoch: 026,domain_loss:0.6895,Nbeats_loss:0.5155,Train_acc:0.5343
2023-06-12 22:09:40,178:INFO: Epoch: 026, Train Loss: 0.7224, Train MAPE: 0.1342, Train RMSE: 1.8110, Valid Loss: 0.3647, Valid MAPE: 0.1694, Valid RMSE: 0.4930
2023-06-12 22:10:31,349:INFO: Epoch: 027,domain_loss:0.6784,Nbeats_loss:0.5150,Train_acc:0.5719
2023-06-12 22:10:33,468:INFO: Epoch: 027, Train Loss: 0.7185, Train MAPE: 0.1338, Train RMSE: 1.8106, Valid Loss: 0.3548, Valid MAPE: 0.1635, Valid RMSE: 0.4829
2023-06-12 22:11:24,901:INFO: Epoch: 028,domain_loss:0.6778,Nbeats_loss:0.5140,Train_acc:0.5838
2023-06-12 22:11:27,044:INFO: Epoch: 028, Train Loss: 0.7174, Train MAPE: 0.1332, Train RMSE: 1.8102, Valid Loss: 0.3699, Valid MAPE: 0.1691, Valid RMSE: 0.4967
2023-06-12 22:12:18,357:INFO: Epoch: 029,domain_loss:0.6249,Nbeats_loss:0.5179,Train_acc:0.6116
2023-06-12 22:12:20,458:INFO: Epoch: 029, Train Loss: 0.7054, Train MAPE: 0.1340, Train RMSE: 1.8106, Valid Loss: 0.3840, Valid MAPE: 0.1765, Valid RMSE: 0.5063
2023-06-12 22:13:12,004:INFO: Epoch: 030,domain_loss:0.6923,Nbeats_loss:0.5138,Train_acc:0.5027
2023-06-12 22:13:14,194:INFO: Epoch: 030, Train Loss: 0.7215, Train MAPE: 0.1327, Train RMSE: 1.8099, Valid Loss: 0.3802, Valid MAPE: 0.1743, Valid RMSE: 0.5034
2023-06-12 22:14:05,771:INFO: Epoch: 031,domain_loss:0.6885,Nbeats_loss:0.5129,Train_acc:0.5109
2023-06-12 22:14:07,865:INFO: Epoch: 031, Train Loss: 0.7194, Train MAPE: 0.1320, Train RMSE: 1.8097, Valid Loss: 0.3729, Valid MAPE: 0.1727, Valid RMSE: 0.4986
2023-06-12 22:14:58,944:INFO: Epoch: 032,domain_loss:0.6787,Nbeats_loss:0.5133,Train_acc:0.5303
2023-06-12 22:15:01,105:INFO: Epoch: 032, Train Loss: 0.7169, Train MAPE: 0.1317, Train RMSE: 1.8095, Valid Loss: 0.3855, Valid MAPE: 0.1766, Valid RMSE: 0.5101
2023-06-12 22:15:53,092:INFO: Epoch: 033,domain_loss:0.6970,Nbeats_loss:0.5113,Train_acc:0.4936
2023-06-12 22:15:55,223:INFO: Epoch: 033, Train Loss: 0.7204, Train MAPE: 0.1309, Train RMSE: 1.8092, Valid Loss: 0.3669, Valid MAPE: 0.1703, Valid RMSE: 0.4943
2023-06-12 22:16:46,345:INFO: Epoch: 034,domain_loss:0.6723,Nbeats_loss:0.5120,Train_acc:0.5480
2023-06-12 22:16:48,476:INFO: Epoch: 034, Train Loss: 0.7137, Train MAPE: 0.1311, Train RMSE: 1.8092, Valid Loss: 0.3542, Valid MAPE: 0.1648, Valid RMSE: 0.4830
2023-06-12 22:17:39,506:INFO: Epoch: 035,domain_loss:0.6874,Nbeats_loss:0.5102,Train_acc:0.5122
2023-06-12 22:17:41,658:INFO: Epoch: 035, Train Loss: 0.7165, Train MAPE: 0.1305, Train RMSE: 1.8088, Valid Loss: 0.3792, Valid MAPE: 0.1756, Valid RMSE: 0.5052
2023-06-12 22:18:32,959:INFO: Epoch: 036,domain_loss:0.6599,Nbeats_loss:0.5119,Train_acc:0.5541
2023-06-12 22:18:35,067:INFO: Epoch: 036, Train Loss: 0.7099, Train MAPE: 0.1310, Train RMSE: 1.8092, Valid Loss: 0.3592, Valid MAPE: 0.1666, Valid RMSE: 0.4871
2023-06-12 22:19:26,355:INFO: Epoch: 037,domain_loss:0.6716,Nbeats_loss:0.5106,Train_acc:0.5333
2023-06-12 22:19:28,483:INFO: Epoch: 037, Train Loss: 0.7120, Train MAPE: 0.1303, Train RMSE: 1.8088, Valid Loss: 0.3653, Valid MAPE: 0.1672, Valid RMSE: 0.4904
2023-06-12 22:20:19,262:INFO: Epoch: 038,domain_loss:0.6937,Nbeats_loss:0.5091,Train_acc:0.4980
2023-06-12 22:20:21,378:INFO: Epoch: 038, Train Loss: 0.7172, Train MAPE: 0.1298, Train RMSE: 1.8086, Valid Loss: 0.3673, Valid MAPE: 0.1692, Valid RMSE: 0.4954
2023-06-12 22:21:12,000:INFO: Epoch: 039,domain_loss:0.6932,Nbeats_loss:0.5078,Train_acc:0.5014
2023-06-12 22:21:14,122:INFO: Epoch: 039, Train Loss: 0.7158, Train MAPE: 0.1290, Train RMSE: 1.8083, Valid Loss: 0.3404, Valid MAPE: 0.1581, Valid RMSE: 0.4712
2023-06-12 22:22:05,260:INFO: Epoch: 040,domain_loss:0.6917,Nbeats_loss:0.5072,Train_acc:0.5211
2023-06-12 22:22:07,329:INFO: Epoch: 040, Train Loss: 0.7147, Train MAPE: 0.1285, Train RMSE: 1.8079, Valid Loss: 0.3553, Valid MAPE: 0.1656, Valid RMSE: 0.4854
2023-06-12 22:22:58,489:INFO: Epoch: 041,domain_loss:0.6894,Nbeats_loss:0.5065,Train_acc:0.5381
2023-06-12 22:23:00,605:INFO: Epoch: 041, Train Loss: 0.7134, Train MAPE: 0.1281, Train RMSE: 1.8078, Valid Loss: 0.3449, Valid MAPE: 0.1597, Valid RMSE: 0.4740
2023-06-12 22:23:51,861:INFO: Epoch: 042,domain_loss:0.6913,Nbeats_loss:0.5064,Train_acc:0.5104
2023-06-12 22:23:54,045:INFO: Epoch: 042, Train Loss: 0.7138, Train MAPE: 0.1276, Train RMSE: 1.8078, Valid Loss: 0.3438, Valid MAPE: 0.1596, Valid RMSE: 0.4760
2023-06-12 22:24:45,179:INFO: Epoch: 043,domain_loss:0.6786,Nbeats_loss:0.5079,Train_acc:0.5302
2023-06-12 22:24:47,343:INFO: Epoch: 043, Train Loss: 0.7115, Train MAPE: 0.1285, Train RMSE: 1.8078, Valid Loss: 0.3507, Valid MAPE: 0.1647, Valid RMSE: 0.4860
2023-06-12 22:25:38,795:INFO: Epoch: 044,domain_loss:0.6892,Nbeats_loss:0.5056,Train_acc:0.5125
2023-06-12 22:25:40,943:INFO: Epoch: 044, Train Loss: 0.7124, Train MAPE: 0.1274, Train RMSE: 1.8075, Valid Loss: 0.3550, Valid MAPE: 0.1660, Valid RMSE: 0.4867
2023-06-12 22:26:32,021:INFO: Epoch: 045,domain_loss:0.6859,Nbeats_loss:0.5054,Train_acc:0.5510
2023-06-12 22:26:34,152:INFO: Epoch: 045, Train Loss: 0.7111, Train MAPE: 0.1275, Train RMSE: 1.8075, Valid Loss: 0.3590, Valid MAPE: 0.1652, Valid RMSE: 0.4862
2023-06-12 22:27:25,432:INFO: Epoch: 046,domain_loss:0.6886,Nbeats_loss:0.5046,Train_acc:0.5284
2023-06-12 22:27:27,577:INFO: Epoch: 046, Train Loss: 0.7111, Train MAPE: 0.1268, Train RMSE: 1.8072, Valid Loss: 0.3536, Valid MAPE: 0.1637, Valid RMSE: 0.4849
2023-06-12 22:28:18,475:INFO: Epoch: 047,domain_loss:0.6850,Nbeats_loss:0.5041,Train_acc:0.5525
2023-06-12 22:28:20,600:INFO: Epoch: 047, Train Loss: 0.7096, Train MAPE: 0.1263, Train RMSE: 1.8070, Valid Loss: 0.3445, Valid MAPE: 0.1591, Valid RMSE: 0.4736
2023-06-12 22:29:11,760:INFO: Epoch: 048,domain_loss:0.6850,Nbeats_loss:0.5047,Train_acc:0.5249
2023-06-12 22:29:13,843:INFO: Epoch: 048, Train Loss: 0.7102, Train MAPE: 0.1264, Train RMSE: 1.8071, Valid Loss: 0.3534, Valid MAPE: 0.1644, Valid RMSE: 0.4866
2023-06-12 22:30:06,023:INFO: Epoch: 049,domain_loss:0.6820,Nbeats_loss:0.5035,Train_acc:0.5557
2023-06-12 22:30:08,132:INFO: Epoch: 049, Train Loss: 0.7081, Train MAPE: 0.1262, Train RMSE: 1.8069, Valid Loss: 0.3503, Valid MAPE: 0.1621, Valid RMSE: 0.4811
2023-06-12 22:31:00,855:INFO: Epoch: 050,domain_loss:0.6709,Nbeats_loss:0.5037,Train_acc:0.5568
2023-06-12 22:31:02,994:INFO: Epoch: 050, Train Loss: 0.7050, Train MAPE: 0.1261, Train RMSE: 1.8068, Valid Loss: 0.3556, Valid MAPE: 0.1640, Valid RMSE: 0.4848
2023-06-12 22:31:53,804:INFO: Epoch: 051,domain_loss:0.6940,Nbeats_loss:0.5030,Train_acc:0.5070
2023-06-12 22:31:55,924:INFO: Epoch: 051, Train Loss: 0.7112, Train MAPE: 0.1258, Train RMSE: 1.8067, Valid Loss: 0.3445, Valid MAPE: 0.1571, Valid RMSE: 0.4736
2023-06-12 22:32:47,016:INFO: Epoch: 052,domain_loss:0.6861,Nbeats_loss:0.5027,Train_acc:0.5490
2023-06-12 22:32:49,176:INFO: Epoch: 052, Train Loss: 0.7085, Train MAPE: 0.1251, Train RMSE: 1.8065, Valid Loss: 0.3632, Valid MAPE: 0.1671, Valid RMSE: 0.4912
2023-06-12 22:33:40,199:INFO: Epoch: 053,domain_loss:0.6933,Nbeats_loss:0.5023,Train_acc:0.5032
2023-06-12 22:33:42,313:INFO: Epoch: 053, Train Loss: 0.7102, Train MAPE: 0.1256, Train RMSE: 1.8064, Valid Loss: 0.3499, Valid MAPE: 0.1602, Valid RMSE: 0.4818
2023-06-12 22:34:33,578:INFO: Epoch: 054,domain_loss:0.6898,Nbeats_loss:0.5020,Train_acc:0.5168
2023-06-12 22:34:35,734:INFO: Epoch: 054, Train Loss: 0.7090, Train MAPE: 0.1255, Train RMSE: 1.8064, Valid Loss: 0.3527, Valid MAPE: 0.1620, Valid RMSE: 0.4846
2023-06-12 22:35:26,574:INFO: Epoch: 055,domain_loss:0.6836,Nbeats_loss:0.5016,Train_acc:0.5427
2023-06-12 22:35:28,696:INFO: Epoch: 055, Train Loss: 0.7067, Train MAPE: 0.1250, Train RMSE: 1.8063, Valid Loss: 0.3508, Valid MAPE: 0.1631, Valid RMSE: 0.4837
2023-06-12 22:36:20,287:INFO: Epoch: 056,domain_loss:0.6704,Nbeats_loss:0.5016,Train_acc:0.5634
2023-06-12 22:36:22,426:INFO: Epoch: 056, Train Loss: 0.7027, Train MAPE: 0.1251, Train RMSE: 1.8062, Valid Loss: 0.3618, Valid MAPE: 0.1671, Valid RMSE: 0.4923
2023-06-12 22:37:13,396:INFO: Epoch: 057,domain_loss:0.6810,Nbeats_loss:0.5021,Train_acc:0.5401
2023-06-12 22:37:15,549:INFO: Epoch: 057, Train Loss: 0.7064, Train MAPE: 0.1246, Train RMSE: 1.8063, Valid Loss: 0.3467, Valid MAPE: 0.1600, Valid RMSE: 0.4780
2023-06-12 22:38:06,613:INFO: Epoch: 058,domain_loss:0.6961,Nbeats_loss:0.5003,Train_acc:0.4973
2023-06-12 22:38:08,777:INFO: Epoch: 058, Train Loss: 0.7091, Train MAPE: 0.1242, Train RMSE: 1.8060, Valid Loss: 0.3420, Valid MAPE: 0.1568, Valid RMSE: 0.4738
2023-06-12 22:39:00,133:INFO: Epoch: 059,domain_loss:0.6898,Nbeats_loss:0.5004,Train_acc:0.5218
2023-06-12 22:39:02,321:INFO: Epoch: 059, Train Loss: 0.7074, Train MAPE: 0.1244, Train RMSE: 1.8059, Valid Loss: 0.3381, Valid MAPE: 0.1546, Valid RMSE: 0.4691
2023-06-12 22:39:54,238:INFO: Epoch: 060,domain_loss:0.6955,Nbeats_loss:0.5004,Train_acc:0.5086
2023-06-12 22:39:56,354:INFO: Epoch: 060, Train Loss: 0.7090, Train MAPE: 0.1245, Train RMSE: 1.8058, Valid Loss: 0.3468, Valid MAPE: 0.1599, Valid RMSE: 0.4771
2023-06-12 22:40:47,511:INFO: Epoch: 061,domain_loss:0.6908,Nbeats_loss:0.4995,Train_acc:0.5211
2023-06-12 22:40:49,658:INFO: Epoch: 061, Train Loss: 0.7067, Train MAPE: 0.1241, Train RMSE: 1.8056, Valid Loss: 0.3393, Valid MAPE: 0.1558, Valid RMSE: 0.4728
2023-06-12 22:41:40,697:INFO: Epoch: 062,domain_loss:0.6898,Nbeats_loss:0.4998,Train_acc:0.5185
2023-06-12 22:41:42,870:INFO: Epoch: 062, Train Loss: 0.7068, Train MAPE: 0.1240, Train RMSE: 1.8057, Valid Loss: 0.3425, Valid MAPE: 0.1588, Valid RMSE: 0.4743
2023-06-12 22:42:33,994:INFO: Epoch: 063,domain_loss:0.6863,Nbeats_loss:0.4996,Train_acc:0.5382
2023-06-12 22:42:36,128:INFO: Epoch: 063, Train Loss: 0.7055, Train MAPE: 0.1236, Train RMSE: 1.8056, Valid Loss: 0.3421, Valid MAPE: 0.1598, Valid RMSE: 0.4781
2023-06-12 22:43:27,417:INFO: Epoch: 064,domain_loss:0.6884,Nbeats_loss:0.4993,Train_acc:0.5381
2023-06-12 22:43:29,597:INFO: Epoch: 064, Train Loss: 0.7058, Train MAPE: 0.1240, Train RMSE: 1.8055, Valid Loss: 0.3365, Valid MAPE: 0.1548, Valid RMSE: 0.4671
2023-06-12 22:44:21,124:INFO: Epoch: 065,domain_loss:0.6822,Nbeats_loss:0.4988,Train_acc:0.5512
2023-06-12 22:44:23,247:INFO: Epoch: 065, Train Loss: 0.7035, Train MAPE: 0.1236, Train RMSE: 1.8053, Valid Loss: 0.3371, Valid MAPE: 0.1551, Valid RMSE: 0.4708
2023-06-12 22:45:14,448:INFO: Epoch: 066,domain_loss:0.6652,Nbeats_loss:0.5000,Train_acc:0.6040
2023-06-12 22:45:16,557:INFO: Epoch: 066, Train Loss: 0.6995, Train MAPE: 0.1238, Train RMSE: 1.8056, Valid Loss: 0.3622, Valid MAPE: 0.1679, Valid RMSE: 0.4967
2023-06-12 22:46:07,848:INFO: Epoch: 067,domain_loss:0.6568,Nbeats_loss:0.5020,Train_acc:0.5900
2023-06-12 22:46:10,001:INFO: Epoch: 067, Train Loss: 0.6990, Train MAPE: 0.1250, Train RMSE: 1.8058, Valid Loss: 0.3648, Valid MAPE: 0.1648, Valid RMSE: 0.4897
2023-06-12 22:47:01,576:INFO: Epoch: 068,domain_loss:0.6733,Nbeats_loss:0.5007,Train_acc:0.5775
2023-06-12 22:47:03,726:INFO: Epoch: 068, Train Loss: 0.7027, Train MAPE: 0.1236, Train RMSE: 1.8055, Valid Loss: 0.3592, Valid MAPE: 0.1635, Valid RMSE: 0.4858
2023-06-12 22:47:54,998:INFO: Epoch: 069,domain_loss:0.6894,Nbeats_loss:0.4986,Train_acc:0.5281
2023-06-12 22:47:57,212:INFO: Epoch: 069, Train Loss: 0.7054, Train MAPE: 0.1229, Train RMSE: 1.8052, Valid Loss: 0.3484, Valid MAPE: 0.1589, Valid RMSE: 0.4751
2023-06-12 22:48:48,317:INFO: Epoch: 070,domain_loss:0.6928,Nbeats_loss:0.4978,Train_acc:0.5124
2023-06-12 22:48:50,509:INFO: Epoch: 070, Train Loss: 0.7056, Train MAPE: 0.1230, Train RMSE: 1.8050, Valid Loss: 0.3282, Valid MAPE: 0.1514, Valid RMSE: 0.4625
2023-06-12 22:48:50,663:INFO: save model from epoch 70
2023-06-12 22:49:41,867:INFO: Epoch: 071,domain_loss:0.6848,Nbeats_loss:0.4976,Train_acc:0.5417
2023-06-12 22:49:44,023:INFO: Epoch: 071, Train Loss: 0.7030, Train MAPE: 0.1228, Train RMSE: 1.8050, Valid Loss: 0.3322, Valid MAPE: 0.1520, Valid RMSE: 0.4637
2023-06-12 22:50:35,204:INFO: Epoch: 072,domain_loss:0.6857,Nbeats_loss:0.4977,Train_acc:0.5267
2023-06-12 22:50:37,362:INFO: Epoch: 072, Train Loss: 0.7034, Train MAPE: 0.1227, Train RMSE: 1.8049, Valid Loss: 0.3382, Valid MAPE: 0.1552, Valid RMSE: 0.4701
2023-06-12 22:51:28,713:INFO: Epoch: 073,domain_loss:0.6792,Nbeats_loss:0.4989,Train_acc:0.5718
2023-06-12 22:51:30,815:INFO: Epoch: 073, Train Loss: 0.7027, Train MAPE: 0.1231, Train RMSE: 1.8051, Valid Loss: 0.3408, Valid MAPE: 0.1533, Valid RMSE: 0.4697
2023-06-12 22:52:22,060:INFO: Epoch: 074,domain_loss:0.6805,Nbeats_loss:0.4983,Train_acc:0.5399
2023-06-12 22:52:24,218:INFO: Epoch: 074, Train Loss: 0.7024, Train MAPE: 0.1230, Train RMSE: 1.8048, Valid Loss: 0.3430, Valid MAPE: 0.1561, Valid RMSE: 0.4719
2023-06-12 22:53:15,376:INFO: Epoch: 075,domain_loss:0.6570,Nbeats_loss:0.5003,Train_acc:0.6032
2023-06-12 22:53:17,531:INFO: Epoch: 075, Train Loss: 0.6974, Train MAPE: 0.1239, Train RMSE: 1.8050, Valid Loss: 0.3776, Valid MAPE: 0.1709, Valid RMSE: 0.4992
2023-06-12 22:54:08,922:INFO: Epoch: 076,domain_loss:0.6907,Nbeats_loss:0.4994,Train_acc:0.5232
2023-06-12 22:54:11,124:INFO: Epoch: 076, Train Loss: 0.7067, Train MAPE: 0.1235, Train RMSE: 1.8051, Valid Loss: 0.3570, Valid MAPE: 0.1617, Valid RMSE: 0.4834
2023-06-12 22:55:03,341:INFO: Epoch: 077,domain_loss:0.6896,Nbeats_loss:0.4971,Train_acc:0.5133
2023-06-12 22:55:05,484:INFO: Epoch: 077, Train Loss: 0.7040, Train MAPE: 0.1223, Train RMSE: 1.8046, Valid Loss: 0.3319, Valid MAPE: 0.1518, Valid RMSE: 0.4646
2023-06-12 22:55:56,995:INFO: Epoch: 078,domain_loss:0.6819,Nbeats_loss:0.4967,Train_acc:0.5361
2023-06-12 22:55:59,157:INFO: Epoch: 078, Train Loss: 0.7012, Train MAPE: 0.1222, Train RMSE: 1.8046, Valid Loss: 0.3283, Valid MAPE: 0.1499, Valid RMSE: 0.4608
2023-06-12 22:56:49,747:INFO: Epoch: 079,domain_loss:0.6866,Nbeats_loss:0.4965,Train_acc:0.5231
2023-06-12 22:56:51,926:INFO: Epoch: 079, Train Loss: 0.7025, Train MAPE: 0.1216, Train RMSE: 1.8045, Valid Loss: 0.3406, Valid MAPE: 0.1570, Valid RMSE: 0.4723
2023-06-12 22:57:42,839:INFO: Epoch: 080,domain_loss:0.6882,Nbeats_loss:0.4971,Train_acc:0.5137
2023-06-12 22:57:44,975:INFO: Epoch: 080, Train Loss: 0.7035, Train MAPE: 0.1227, Train RMSE: 1.8046, Valid Loss: 0.3456, Valid MAPE: 0.1592, Valid RMSE: 0.4802
2023-06-12 22:58:36,000:INFO: Epoch: 081,domain_loss:0.6898,Nbeats_loss:0.4966,Train_acc:0.5111
2023-06-12 22:58:38,128:INFO: Epoch: 081, Train Loss: 0.7036, Train MAPE: 0.1221, Train RMSE: 1.8045, Valid Loss: 0.3369, Valid MAPE: 0.1557, Valid RMSE: 0.4684
2023-06-12 22:59:29,385:INFO: Epoch: 082,domain_loss:0.6873,Nbeats_loss:0.4965,Train_acc:0.5207
2023-06-12 22:59:31,511:INFO: Epoch: 082, Train Loss: 0.7026, Train MAPE: 0.1220, Train RMSE: 1.8045, Valid Loss: 0.3350, Valid MAPE: 0.1543, Valid RMSE: 0.4675
2023-06-12 23:00:22,924:INFO: Epoch: 083,domain_loss:0.6860,Nbeats_loss:0.4960,Train_acc:0.5213
2023-06-12 23:00:25,064:INFO: Epoch: 083, Train Loss: 0.7018, Train MAPE: 0.1217, Train RMSE: 1.8043, Valid Loss: 0.3360, Valid MAPE: 0.1541, Valid RMSE: 0.4702
2023-06-12 23:01:16,176:INFO: Epoch: 084,domain_loss:0.6801,Nbeats_loss:0.4959,Train_acc:0.5429
2023-06-12 23:01:18,291:INFO: Epoch: 084, Train Loss: 0.6999, Train MAPE: 0.1218, Train RMSE: 1.8042, Valid Loss: 0.3261, Valid MAPE: 0.1485, Valid RMSE: 0.4586
2023-06-12 23:01:18,452:INFO: save model from epoch 84
2023-06-12 23:02:09,203:INFO: Epoch: 085,domain_loss:0.6844,Nbeats_loss:0.4961,Train_acc:0.5439
2023-06-12 23:02:11,298:INFO: Epoch: 085, Train Loss: 0.7014, Train MAPE: 0.1222, Train RMSE: 1.8042, Valid Loss: 0.3429, Valid MAPE: 0.1562, Valid RMSE: 0.4726
2023-06-12 23:03:02,468:INFO: Epoch: 086,domain_loss:0.6877,Nbeats_loss:0.4956,Train_acc:0.5171
2023-06-12 23:03:04,645:INFO: Epoch: 086, Train Loss: 0.7019, Train MAPE: 0.1220, Train RMSE: 1.8041, Valid Loss: 0.3402, Valid MAPE: 0.1564, Valid RMSE: 0.4714
2023-06-12 23:03:54,744:INFO: Epoch: 087,domain_loss:0.6731,Nbeats_loss:0.4955,Train_acc:0.5662
2023-06-12 23:03:56,868:INFO: Epoch: 087, Train Loss: 0.6974, Train MAPE: 0.1219, Train RMSE: 1.8040, Valid Loss: 0.3357, Valid MAPE: 0.1515, Valid RMSE: 0.4651
2023-06-12 23:04:47,079:INFO: Epoch: 088,domain_loss:0.6812,Nbeats_loss:0.4955,Train_acc:0.5365
2023-06-12 23:04:49,192:INFO: Epoch: 088, Train Loss: 0.6999, Train MAPE: 0.1218, Train RMSE: 1.8041, Valid Loss: 0.3374, Valid MAPE: 0.1569, Valid RMSE: 0.4705
2023-06-12 23:05:39,508:INFO: Epoch: 089,domain_loss:0.6876,Nbeats_loss:0.4955,Train_acc:0.5318
2023-06-12 23:05:41,640:INFO: Epoch: 089, Train Loss: 0.7017, Train MAPE: 0.1218, Train RMSE: 1.8040, Valid Loss: 0.3393, Valid MAPE: 0.1579, Valid RMSE: 0.4721
2023-06-12 23:06:32,073:INFO: Epoch: 090,domain_loss:0.6922,Nbeats_loss:0.4950,Train_acc:0.5218
2023-06-12 23:06:34,190:INFO: Epoch: 090, Train Loss: 0.7027, Train MAPE: 0.1218, Train RMSE: 1.8040, Valid Loss: 0.3372, Valid MAPE: 0.1547, Valid RMSE: 0.4681
2023-06-12 23:07:24,828:INFO: Epoch: 091,domain_loss:0.6774,Nbeats_loss:0.4950,Train_acc:0.5775
2023-06-12 23:07:26,951:INFO: Epoch: 091, Train Loss: 0.6983, Train MAPE: 0.1215, Train RMSE: 1.8039, Valid Loss: 0.3413, Valid MAPE: 0.1603, Valid RMSE: 0.4768
2023-06-12 23:08:17,487:INFO: Epoch: 092,domain_loss:0.6766,Nbeats_loss:0.4954,Train_acc:0.5772
2023-06-12 23:08:19,603:INFO: Epoch: 092, Train Loss: 0.6984, Train MAPE: 0.1221, Train RMSE: 1.8039, Valid Loss: 0.3448, Valid MAPE: 0.1597, Valid RMSE: 0.4774
2023-06-12 23:09:10,083:INFO: Epoch: 093,domain_loss:0.6930,Nbeats_loss:0.4949,Train_acc:0.5205
2023-06-12 23:09:12,249:INFO: Epoch: 093, Train Loss: 0.7027, Train MAPE: 0.1216, Train RMSE: 1.8037, Valid Loss: 0.3398, Valid MAPE: 0.1559, Valid RMSE: 0.4719
2023-06-12 23:10:02,273:INFO: Epoch: 094,domain_loss:0.6841,Nbeats_loss:0.4965,Train_acc:0.5532
2023-06-12 23:10:04,406:INFO: Epoch: 094, Train Loss: 0.7017, Train MAPE: 0.1217, Train RMSE: 1.8040, Valid Loss: 0.3968, Valid MAPE: 0.1792, Valid RMSE: 0.5124
2023-06-12 23:10:54,699:INFO: Epoch: 095,domain_loss:0.6847,Nbeats_loss:0.4965,Train_acc:0.5295
2023-06-12 23:10:56,828:INFO: Epoch: 095, Train Loss: 0.7019, Train MAPE: 0.1219, Train RMSE: 1.8038, Valid Loss: 0.3587, Valid MAPE: 0.1618, Valid RMSE: 0.4884
2023-06-12 23:11:47,019:INFO: Epoch: 096,domain_loss:0.6912,Nbeats_loss:0.4946,Train_acc:0.5159
2023-06-12 23:11:49,116:INFO: Epoch: 096, Train Loss: 0.7020, Train MAPE: 0.1212, Train RMSE: 1.8035, Valid Loss: 0.3411, Valid MAPE: 0.1546, Valid RMSE: 0.4738
2023-06-12 23:12:40,056:INFO: Epoch: 097,domain_loss:0.6918,Nbeats_loss:0.4944,Train_acc:0.5179
2023-06-12 23:12:42,119:INFO: Epoch: 097, Train Loss: 0.7019, Train MAPE: 0.1215, Train RMSE: 1.8036, Valid Loss: 0.3452, Valid MAPE: 0.1569, Valid RMSE: 0.4734
2023-06-12 23:13:31,967:INFO: Epoch: 098,domain_loss:0.6937,Nbeats_loss:0.4943,Train_acc:0.5072
2023-06-12 23:13:34,132:INFO: Epoch: 098, Train Loss: 0.7024, Train MAPE: 0.1212, Train RMSE: 1.8036, Valid Loss: 0.3258, Valid MAPE: 0.1488, Valid RMSE: 0.4612
2023-06-12 23:13:34,335:INFO: save model from epoch 98
2023-06-12 23:14:24,650:INFO: Epoch: 099,domain_loss:0.6803,Nbeats_loss:0.4941,Train_acc:0.5577
2023-06-12 23:14:26,765:INFO: Epoch: 099, Train Loss: 0.6981, Train MAPE: 0.1211, Train RMSE: 1.8034, Valid Loss: 0.3493, Valid MAPE: 0.1588, Valid RMSE: 0.4806
2023-06-12 23:15:16,925:INFO: Epoch: 100,domain_loss:0.6928,Nbeats_loss:0.4946,Train_acc:0.5045
2023-06-12 23:15:19,038:INFO: Epoch: 100, Train Loss: 0.7025, Train MAPE: 0.1215, Train RMSE: 1.8036, Valid Loss: 0.3283, Valid MAPE: 0.1478, Valid RMSE: 0.4608
2023-06-12 23:15:19,043:INFO: Loading pretrained model
2023-06-12 23:15:20,084:INFO: load pretrained model successfully
2023-06-12 23:15:20,085:INFO: start to predict-----------------------------------------------
2023-06-12 23:15:25,587:INFO: Test MAE:0.2610, Test MAPE:0.1386, Test RMSE:0.3806
